commit 6ba713dbfa35dc007cb0bdf52962bfc671456ef1
Author: unknown <dz.zalles@gmail.com>
Date:   Fri Jul 10 15:25:26 2020 -0400

    testDev

commit 8bbb7723a6c4693dd13a8be70b9a360ea91bd84e
Author: unknown <dz.zalles@gmail.com>
Date:   Sun Jul 5 00:35:50 2020 -0400

    dev3 plus agenda plus api fetch post

commit 288d928ebd1142a4c55d56cfb4ed4af33ab9cd39
Author: unknown <dz.zalles@gmail.com>
Date:   Thu Jul 2 00:11:26 2020 -0400

    Schedule v1

commit 662e96cdc65806873301351aedc1ecb770e1b672
Author: unknown <dz.zalles@gmail.com>
Date:   Mon Jun 29 00:22:40 2020 -0400

    DEV2

commit 219bfc51c97af6150001a5b520b7a92a2366ae58
Author: unknown <dz.zalles@gmail.com>
Date:   Sun Jun 28 23:01:59 2020 -0400

    Dev1

commit dc0294bea9fb099ef87f80e96a02213a477e7b0c
Author: unknown <dz.zalles@gmail.com>
Date:   Sun Jun 28 22:57:34 2020 -0400

    initial commit
